{"/Users/kevinosorio/workspace/prueba-3it/test3it/App.js": {"path":"/Users/kevinosorio/workspace/prueba-3it/test3it/App.js","statementMap":{"0":{"start":{"line":13,"column":12},"end":{"line":19,"column":1}},"1":{"start":{"line":14,"column":2},"end":{"line":18,"column":4}}},"fnMap":{"0":{"name":"(anonymous_0)","decl":{"start":{"line":13,"column":12},"end":{"line":13,"column":13}},"loc":{"start":{"line":13,"column":18},"end":{"line":19,"column":1}},"line":13}},"branchMap":{},"s":{"0":1,"1":1},"f":{"0":1},"b":{},"_coverageSchema":"1a1c01bbd47fc00a2c39e90264f33305004495a9","hash":"60a380191855bc7a1a0b2cb90b2c0e2ca915bbb8"}
,"/Users/kevinosorio/workspace/prueba-3it/test3it/src/API/Repository/Indicators.js": {"path":"/Users/kevinosorio/workspace/prueba-3it/test3it/src/API/Repository/Indicators.js","statementMap":{"0":{"start":{"line":7,"column":20},"end":{"line":7,"column":26}},"1":{"start":{"line":8,"column":16},"end":{"line":8,"column":40}},"2":{"start":{"line":9,"column":33},"end":{"line":19,"column":1}},"3":{"start":{"line":10,"column":2},"end":{"line":18,"column":7}},"4":{"start":{"line":13,"column":6},"end":{"line":13,"column":47}},"5":{"start":{"line":16,"column":6},"end":{"line":16,"column":25}},"6":{"start":{"line":17,"column":6},"end":{"line":17,"column":16}},"7":{"start":{"line":21,"column":38},"end":{"line":28,"column":1}},"8":{"start":{"line":22,"column":2},"end":{"line":27,"column":7}},"9":{"start":{"line":24,"column":22},"end":{"line":24,"column":53}},"10":{"start":{"line":26,"column":6},"end":{"line":26,"column":24}},"11":{"start":{"line":30,"column":22},"end":{"line":33,"column":1}}},"fnMap":{"0":{"name":"(anonymous_0)","decl":{"start":{"line":9,"column":33},"end":{"line":9,"column":34}},"loc":{"start":{"line":9,"column":39},"end":{"line":19,"column":1}},"line":9},"1":{"name":"(anonymous_1)","decl":{"start":{"line":12,"column":10},"end":{"line":12,"column":11}},"loc":{"start":{"line":12,"column":22},"end":{"line":14,"column":5}},"line":12},"2":{"name":"(anonymous_2)","decl":{"start":{"line":15,"column":11},"end":{"line":15,"column":12}},"loc":{"start":{"line":15,"column":20},"end":{"line":18,"column":5}},"line":15},"3":{"name":"(anonymous_3)","decl":{"start":{"line":21,"column":38},"end":{"line":21,"column":39}},"loc":{"start":{"line":21,"column":46},"end":{"line":28,"column":1}},"line":21},"4":{"name":"(anonymous_4)","decl":{"start":{"line":24,"column":10},"end":{"line":24,"column":11}},"loc":{"start":{"line":24,"column":22},"end":{"line":24,"column":53}},"line":24},"5":{"name":"(anonymous_5)","decl":{"start":{"line":25,"column":11},"end":{"line":25,"column":12}},"loc":{"start":{"line":25,"column":20},"end":{"line":27,"column":5}},"line":25}},"branchMap":{},"s":{"0":8,"1":8,"2":8,"3":6,"4":3,"5":1,"6":1,"7":8,"8":5,"9":2,"10":1,"11":8},"f":{"0":6,"1":3,"2":1,"3":5,"4":2,"5":1},"b":{},"_coverageSchema":"1a1c01bbd47fc00a2c39e90264f33305004495a9","hash":"9d2b4bcf3c0edb2c14ac286993f956775308a616"}
,"/Users/kevinosorio/workspace/prueba-3it/test3it/src/API/Repository/Repository.js": {"path":"/Users/kevinosorio/workspace/prueba-3it/test3it/src/API/Repository/Repository.js","statementMap":{"0":{"start":{"line":3,"column":19},"end":{"line":5,"column":1}}},"fnMap":{},"branchMap":{},"s":{"0":7},"f":{},"b":{},"_coverageSchema":"1a1c01bbd47fc00a2c39e90264f33305004495a9","hash":"aaeee3d7a7d204e25689397f76f3c4ebb02af3b0"}
,"/Users/kevinosorio/workspace/prueba-3it/test3it/src/Navigation/Drawer.js": {"path":"/Users/kevinosorio/workspace/prueba-3it/test3it/src/Navigation/Drawer.js","statementMap":{"0":{"start":{"line":5,"column":28},"end":{"line":5,"column":51}},"1":{"start":{"line":8,"column":2},"end":{"line":16,"column":4}}},"fnMap":{"0":{"name":"Drawer","decl":{"start":{"line":7,"column":24},"end":{"line":7,"column":30}},"loc":{"start":{"line":7,"column":33},"end":{"line":17,"column":1}},"line":7}},"branchMap":{},"s":{"0":1,"1":1},"f":{"0":1},"b":{},"_coverageSchema":"1a1c01bbd47fc00a2c39e90264f33305004495a9","hash":"5b04eead3c8951272615871fb945c35a4cdf09fc"}
,"/Users/kevinosorio/workspace/prueba-3it/test3it/src/Navigation/HomeStack.js": {"path":"/Users/kevinosorio/workspace/prueba-3it/test3it/src/Navigation/HomeStack.js","statementMap":{"0":{"start":{"line":7,"column":28},"end":{"line":7,"column":56}},"1":{"start":{"line":9,"column":18},"end":{"line":29,"column":1}},"2":{"start":{"line":10,"column":2},"end":{"line":28,"column":4}}},"fnMap":{"0":{"name":"(anonymous_0)","decl":{"start":{"line":9,"column":18},"end":{"line":9,"column":19}},"loc":{"start":{"line":9,"column":24},"end":{"line":29,"column":1}},"line":9}},"branchMap":{},"s":{"0":2,"1":2,"2":1},"f":{"0":1},"b":{},"_coverageSchema":"1a1c01bbd47fc00a2c39e90264f33305004495a9","hash":"9bab1e3af702a3ba8398c9baaa6b4cb4beef1501"}
,"/Users/kevinosorio/workspace/prueba-3it/test3it/src/Views/Home/Home.js": {"path":"/Users/kevinosorio/workspace/prueba-3it/test3it/src/Views/Home/Home.js","statementMap":{"0":{"start":{"line":6,"column":13},"end":{"line":13,"column":1}},"1":{"start":{"line":7,"column":23},"end":{"line":7,"column":36}},"2":{"start":{"line":8,"column":2},"end":{"line":12,"column":4}}},"fnMap":{"0":{"name":"(anonymous_0)","decl":{"start":{"line":6,"column":13},"end":{"line":6,"column":14}},"loc":{"start":{"line":6,"column":19},"end":{"line":13,"column":1}},"line":6}},"branchMap":{},"s":{"0":3,"1":3,"2":3},"f":{"0":3},"b":{},"_coverageSchema":"1a1c01bbd47fc00a2c39e90264f33305004495a9","hash":"6a1878e8590d655a08b0783f7f0636e41d82c067"}
,"/Users/kevinosorio/workspace/prueba-3it/test3it/src/Views/IndicatorDetailsView/IndicatorDetailsView.js": {"path":"/Users/kevinosorio/workspace/prueba-3it/test3it/src/Views/IndicatorDetailsView/IndicatorDetailsView.js","statementMap":{"0":{"start":{"line":8,"column":29},"end":{"line":18,"column":1}},"1":{"start":{"line":9,"column":22},"end":{"line":9,"column":45}},"2":{"start":{"line":10,"column":2},"end":{"line":10,"column":23}},"3":{"start":{"line":12,"column":2},"end":{"line":17,"column":4}}},"fnMap":{"0":{"name":"(anonymous_0)","decl":{"start":{"line":8,"column":29},"end":{"line":8,"column":30}},"loc":{"start":{"line":8,"column":42},"end":{"line":18,"column":1}},"line":8}},"branchMap":{"0":{"loc":{"start":{"line":15,"column":7},"end":{"line":15,"column":60}},"type":"binary-expr","locations":[{"start":{"line":15,"column":7},"end":{"line":15,"column":16}},{"start":{"line":15,"column":20},"end":{"line":15,"column":60}}],"line":15}},"s":{"0":3,"1":1,"2":1,"3":1},"f":{"0":1},"b":{"0":[1,0]},"_coverageSchema":"1a1c01bbd47fc00a2c39e90264f33305004495a9","hash":"7b46302893530d35cc5dc1e907741741cfdfedc9"}
,"/Users/kevinosorio/workspace/prueba-3it/test3it/src/Views/IndicatorTimeLine/IndicatorTimeLine.js": {"path":"/Users/kevinosorio/workspace/prueba-3it/test3it/src/Views/IndicatorTimeLine/IndicatorTimeLine.js","statementMap":{"0":{"start":{"line":7,"column":26},"end":{"line":15,"column":1}},"1":{"start":{"line":8,"column":2},"end":{"line":8,"column":23}},"2":{"start":{"line":9,"column":22},"end":{"line":9,"column":45}},"3":{"start":{"line":10,"column":2},"end":{"line":14,"column":4}}},"fnMap":{"0":{"name":"(anonymous_0)","decl":{"start":{"line":7,"column":26},"end":{"line":7,"column":27}},"loc":{"start":{"line":7,"column":39},"end":{"line":15,"column":1}},"line":7}},"branchMap":{"0":{"loc":{"start":{"line":12,"column":49},"end":{"line":12,"column":71}},"type":"binary-expr","locations":[{"start":{"line":12,"column":49},"end":{"line":12,"column":65}},{"start":{"line":12,"column":69},"end":{"line":12,"column":71}}],"line":12}},"s":{"0":3,"1":1,"2":1,"3":1},"f":{"0":1},"b":{"0":[1,1]},"_coverageSchema":"1a1c01bbd47fc00a2c39e90264f33305004495a9","hash":"7fe8fd6d87db82b389b7c2587523375e2d6a9c7b"}
,"/Users/kevinosorio/workspace/prueba-3it/test3it/src/components/Indicator/Indicator.js": {"path":"/Users/kevinosorio/workspace/prueba-3it/test3it/src/components/Indicator/Indicator.js","statementMap":{"0":{"start":{"line":6,"column":18},"end":{"line":39,"column":1}},"1":{"start":{"line":7,"column":2},"end":{"line":38,"column":4}}},"fnMap":{"0":{"name":"(anonymous_0)","decl":{"start":{"line":6,"column":18},"end":{"line":6,"column":19}},"loc":{"start":{"line":6,"column":58},"end":{"line":39,"column":1}},"line":6}},"branchMap":{},"s":{"0":6,"1":6},"f":{"0":6},"b":{},"_coverageSchema":"1a1c01bbd47fc00a2c39e90264f33305004495a9","hash":"7056fe831cd414e2c0771fc7ee8e77dfbab77186"}
,"/Users/kevinosorio/workspace/prueba-3it/test3it/src/components/Indicator/Indicator.styles.js": {"path":"/Users/kevinosorio/workspace/prueba-3it/test3it/src/components/Indicator/Indicator.styles.js","statementMap":{"0":{"start":{"line":4,"column":24},"end":{"line":36,"column":2}}},"fnMap":{},"branchMap":{},"s":{"0":6},"f":{},"b":{},"_coverageSchema":"1a1c01bbd47fc00a2c39e90264f33305004495a9","hash":"38b1481c48dcb1652a77f32d8a7cc4bfb83dadfe"}
,"/Users/kevinosorio/workspace/prueba-3it/test3it/src/components/IndicatorDetails/IndicatorDetailLabel.js": {"path":"/Users/kevinosorio/workspace/prueba-3it/test3it/src/components/IndicatorDetails/IndicatorDetailLabel.js","statementMap":{"0":{"start":{"line":6,"column":29},"end":{"line":19,"column":1}},"1":{"start":{"line":7,"column":2},"end":{"line":18,"column":4}}},"fnMap":{"0":{"name":"(anonymous_0)","decl":{"start":{"line":6,"column":29},"end":{"line":6,"column":30}},"loc":{"start":{"line":6,"column":48},"end":{"line":19,"column":1}},"line":6}},"branchMap":{},"s":{"0":4,"1":3},"f":{"0":3},"b":{},"_coverageSchema":"1a1c01bbd47fc00a2c39e90264f33305004495a9","hash":"1e8a2a23c8c4d0f878c6e9be09566c181e71222a"}
,"/Users/kevinosorio/workspace/prueba-3it/test3it/src/components/IndicatorDetails/IndicatorDetails.js": {"path":"/Users/kevinosorio/workspace/prueba-3it/test3it/src/components/IndicatorDetails/IndicatorDetails.js","statementMap":{"0":{"start":{"line":8,"column":25},"end":{"line":27,"column":1}},"1":{"start":{"line":9,"column":2},"end":{"line":11,"column":3}},"2":{"start":{"line":10,"column":4},"end":{"line":10,"column":24}},"3":{"start":{"line":12,"column":2},"end":{"line":26,"column":4}}},"fnMap":{"0":{"name":"(anonymous_0)","decl":{"start":{"line":8,"column":25},"end":{"line":8,"column":26}},"loc":{"start":{"line":8,"column":49},"end":{"line":27,"column":1}},"line":8}},"branchMap":{"0":{"loc":{"start":{"line":9,"column":2},"end":{"line":11,"column":3}},"type":"if","locations":[{"start":{"line":9,"column":2},"end":{"line":11,"column":3}},{"start":{},"end":{}}],"line":9}},"s":{"0":4,"1":3,"2":2,"3":1},"f":{"0":3},"b":{"0":[2,1]},"_coverageSchema":"1a1c01bbd47fc00a2c39e90264f33305004495a9","hash":"2224793f4904033920a719f5a0dcd7c580681ec8"}
,"/Users/kevinosorio/workspace/prueba-3it/test3it/src/components/IndicatorDetails/IndicatorDetails.style.js": {"path":"/Users/kevinosorio/workspace/prueba-3it/test3it/src/components/IndicatorDetails/IndicatorDetails.style.js","statementMap":{"0":{"start":{"line":4,"column":38},"end":{"line":16,"column":2}}},"fnMap":{},"branchMap":{},"s":{"0":4},"f":{},"b":{},"_coverageSchema":"1a1c01bbd47fc00a2c39e90264f33305004495a9","hash":"12419c370f7e6f9cbe48ee0fb52ffc56768f2381"}
,"/Users/kevinosorio/workspace/prueba-3it/test3it/src/components/IndicatorDetails/indicatorDetailsLabel.style.js": {"path":"/Users/kevinosorio/workspace/prueba-3it/test3it/src/components/IndicatorDetails/indicatorDetailsLabel.style.js","statementMap":{"0":{"start":{"line":3,"column":43},"end":{"line":26,"column":2}}},"fnMap":{},"branchMap":{},"s":{"0":4},"f":{},"b":{},"_coverageSchema":"1a1c01bbd47fc00a2c39e90264f33305004495a9","hash":"27cd4c024fd34ecc17e59a92a8fa2b5bf0da92bc"}
,"/Users/kevinosorio/workspace/prueba-3it/test3it/src/components/IndicatorList/IndicatorList.js": {"path":"/Users/kevinosorio/workspace/prueba-3it/test3it/src/components/IndicatorList/IndicatorList.js","statementMap":{"0":{"start":{"line":5,"column":22},"end":{"line":18,"column":1}},"1":{"start":{"line":6,"column":2},"end":{"line":17,"column":4}},"2":{"start":{"line":12,"column":8},"end":{"line":14,"column":10}}},"fnMap":{"0":{"name":"(anonymous_0)","decl":{"start":{"line":5,"column":22},"end":{"line":5,"column":23}},"loc":{"start":{"line":5,"column":34},"end":{"line":18,"column":1}},"line":5},"1":{"name":"(anonymous_1)","decl":{"start":{"line":11,"column":18},"end":{"line":11,"column":19}},"loc":{"start":{"line":11,"column":37},"end":{"line":15,"column":7}},"line":11}},"branchMap":{"0":{"loc":{"start":{"line":9,"column":12},"end":{"line":9,"column":62}},"type":"binary-expr","locations":[{"start":{"line":9,"column":12},"end":{"line":9,"column":16}},{"start":{"line":9,"column":20},"end":{"line":9,"column":62}}],"line":9},"1":{"loc":{"start":{"line":13,"column":35},"end":{"line":13,"column":54}},"type":"binary-expr","locations":[{"start":{"line":13,"column":35},"end":{"line":13,"column":45}},{"start":{"line":13,"column":49},"end":{"line":13,"column":54}}],"line":13}},"s":{"0":4,"1":4,"2":19},"f":{"0":4,"1":19},"b":{"0":[4,2],"1":[19,16]},"_coverageSchema":"1a1c01bbd47fc00a2c39e90264f33305004495a9","hash":"09f183a9cfa05fd60731e2eb9bbcc6c9e85fd6b9"}
,"/Users/kevinosorio/workspace/prueba-3it/test3it/src/components/Skeleton/Skeleton.js": {"path":"/Users/kevinosorio/workspace/prueba-3it/test3it/src/components/Skeleton/Skeleton.js","statementMap":{"0":{"start":{"line":6,"column":16},"end":{"line":6,"column":40}},"1":{"start":{"line":8,"column":19},"end":{"line":8,"column":67}},"2":{"start":{"line":10,"column":17},"end":{"line":47,"column":1}},"3":{"start":{"line":11,"column":24},"end":{"line":11,"column":45}},"4":{"start":{"line":13,"column":2},"end":{"line":22,"column":5}},"5":{"start":{"line":14,"column":4},"end":{"line":21,"column":14}},"6":{"start":{"line":24,"column":21},"end":{"line":27,"column":4}},"7":{"start":{"line":29,"column":2},"end":{"line":46,"column":4}},"8":{"start":{"line":49,"column":23},"end":{"line":58,"column":2}}},"fnMap":{"0":{"name":"(anonymous_0)","decl":{"start":{"line":10,"column":17},"end":{"line":10,"column":18}},"loc":{"start":{"line":10,"column":23},"end":{"line":47,"column":1}},"line":10},"1":{"name":"(anonymous_1)","decl":{"start":{"line":13,"column":12},"end":{"line":13,"column":13}},"loc":{"start":{"line":13,"column":18},"end":{"line":22,"column":3}},"line":13}},"branchMap":{},"s":{"0":7,"1":7,"2":7,"3":17,"4":17,"5":17,"6":17,"7":17,"8":7},"f":{"0":17,"1":17},"b":{},"_coverageSchema":"1a1c01bbd47fc00a2c39e90264f33305004495a9","hash":"11c8ba791a9ea2cee4330cbd5b5ae2251694a471"}
,"/Users/kevinosorio/workspace/prueba-3it/test3it/src/components/TimeLineItem/TimeLineItem.js": {"path":"/Users/kevinosorio/workspace/prueba-3it/test3it/src/components/TimeLineItem/TimeLineItem.js","statementMap":{"0":{"start":{"line":7,"column":21},"end":{"line":20,"column":1}},"1":{"start":{"line":8,"column":2},"end":{"line":19,"column":4}}},"fnMap":{"0":{"name":"(anonymous_0)","decl":{"start":{"line":7,"column":21},"end":{"line":7,"column":22}},"loc":{"start":{"line":7,"column":48},"end":{"line":20,"column":1}},"line":7}},"branchMap":{},"s":{"0":5,"1":3},"f":{"0":3},"b":{},"_coverageSchema":"1a1c01bbd47fc00a2c39e90264f33305004495a9","hash":"f1c8749ef16f0e5b1bf77b5b052e98569b8e7d1f"}
,"/Users/kevinosorio/workspace/prueba-3it/test3it/src/components/TimeLineItem/timeLineItem.style.js": {"path":"/Users/kevinosorio/workspace/prueba-3it/test3it/src/components/TimeLineItem/timeLineItem.style.js","statementMap":{"0":{"start":{"line":4,"column":33},"end":{"line":27,"column":2}}},"fnMap":{},"branchMap":{},"s":{"0":5},"f":{},"b":{},"_coverageSchema":"1a1c01bbd47fc00a2c39e90264f33305004495a9","hash":"4dc0c629d92ee887400ab616e7ef1034949bf933"}
,"/Users/kevinosorio/workspace/prueba-3it/test3it/src/containers/IndicatorChart/IndicatorChart.js": {"path":"/Users/kevinosorio/workspace/prueba-3it/test3it/src/containers/IndicatorChart/IndicatorChart.js","statementMap":{"0":{"start":{"line":6,"column":23},"end":{"line":34,"column":1}},"1":{"start":{"line":7,"column":18},"end":{"line":7,"column":39}},"2":{"start":{"line":8,"column":25},"end":{"line":8,"column":44}},"3":{"start":{"line":10,"column":2},"end":{"line":33,"column":4}},"4":{"start":{"line":12,"column":30},"end":{"line":12,"column":43}},"5":{"start":{"line":15,"column":8},"end":{"line":17,"column":15}},"6":{"start":{"line":26,"column":25},"end":{"line":26,"column":48}},"7":{"start":{"line":36,"column":27},"end":{"line":44,"column":2}},"8":{"start":{"line":37,"column":22},"end":{"line":43,"column":3}}},"fnMap":{"0":{"name":"(anonymous_0)","decl":{"start":{"line":6,"column":23},"end":{"line":6,"column":24}},"loc":{"start":{"line":6,"column":40},"end":{"line":34,"column":1}},"line":6},"1":{"name":"(anonymous_1)","decl":{"start":{"line":12,"column":20},"end":{"line":12,"column":21}},"loc":{"start":{"line":12,"column":30},"end":{"line":12,"column":43}},"line":12},"2":{"name":"(anonymous_2)","decl":{"start":{"line":14,"column":24},"end":{"line":14,"column":25}},"loc":{"start":{"line":15,"column":8},"end":{"line":17,"column":15}},"line":15},"3":{"name":"(anonymous_3)","decl":{"start":{"line":26,"column":19},"end":{"line":26,"column":20}},"loc":{"start":{"line":26,"column":25},"end":{"line":26,"column":48}},"line":26},"4":{"name":"(anonymous_4)","decl":{"start":{"line":37,"column":11},"end":{"line":37,"column":12}},"loc":{"start":{"line":37,"column":22},"end":{"line":43,"column":3}},"line":37}},"branchMap":{},"s":{"0":4,"1":2,"2":2,"3":2,"4":10,"5":2,"6":4,"7":4,"8":2},"f":{"0":2,"1":10,"2":2,"3":4,"4":2},"b":{},"_coverageSchema":"1a1c01bbd47fc00a2c39e90264f33305004495a9","hash":"dc76ef88ccf7333a023b068a019b5dc30a678be7"}
,"/Users/kevinosorio/workspace/prueba-3it/test3it/src/containers/IndicatorContainer/IndicatorContainer.js": {"path":"/Users/kevinosorio/workspace/prueba-3it/test3it/src/containers/IndicatorContainer/IndicatorContainer.js","statementMap":{"0":{"start":{"line":6,"column":27},"end":{"line":22,"column":1}},"1":{"start":{"line":8,"column":4},"end":{"line":8,"column":46}},"2":{"start":{"line":10,"column":2},"end":{"line":12,"column":3}},"3":{"start":{"line":11,"column":4},"end":{"line":11,"column":24}},"4":{"start":{"line":14,"column":2},"end":{"line":21,"column":4}}},"fnMap":{"0":{"name":"(anonymous_0)","decl":{"start":{"line":6,"column":27},"end":{"line":6,"column":28}},"loc":{"start":{"line":6,"column":44},"end":{"line":22,"column":1}},"line":6}},"branchMap":{"0":{"loc":{"start":{"line":10,"column":2},"end":{"line":12,"column":3}},"type":"if","locations":[{"start":{"line":10,"column":2},"end":{"line":12,"column":3}},{"start":{},"end":{}}],"line":10}},"s":{"0":5,"1":20,"2":20,"3":15,"4":5},"f":{"0":20},"b":{"0":[15,5]},"_coverageSchema":"1a1c01bbd47fc00a2c39e90264f33305004495a9","hash":"205de730cd95f6e4a5f22ddbff289732dc8c9298"}
,"/Users/kevinosorio/workspace/prueba-3it/test3it/src/containers/TimeLine/TimeLine.js": {"path":"/Users/kevinosorio/workspace/prueba-3it/test3it/src/containers/TimeLine/TimeLine.js","statementMap":{"0":{"start":{"line":5,"column":17},"end":{"line":20,"column":1}},"1":{"start":{"line":6,"column":2},"end":{"line":19,"column":4}},"2":{"start":{"line":11,"column":8},"end":{"line":16,"column":10}}},"fnMap":{"0":{"name":"(anonymous_0)","decl":{"start":{"line":5,"column":17},"end":{"line":5,"column":18}},"loc":{"start":{"line":5,"column":37},"end":{"line":20,"column":1}},"line":5},"1":{"name":"(anonymous_1)","decl":{"start":{"line":10,"column":18},"end":{"line":10,"column":19}},"loc":{"start":{"line":11,"column":8},"end":{"line":16,"column":10}},"line":11}},"branchMap":{},"s":{"0":4,"1":2,"2":2},"f":{"0":2,"1":2},"b":{},"_coverageSchema":"1a1c01bbd47fc00a2c39e90264f33305004495a9","hash":"4c98f7973ebfe6f57a6e369d853345ba6a232e75"}
,"/Users/kevinosorio/workspace/prueba-3it/test3it/src/utils/dateTransform.js": {"path":"/Users/kevinosorio/workspace/prueba-3it/test3it/src/utils/dateTransform.js","statementMap":{"0":{"start":{"line":1,"column":34},"end":{"line":3,"column":1}},"1":{"start":{"line":2,"column":2},"end":{"line":2,"column":57}}},"fnMap":{"0":{"name":"(anonymous_0)","decl":{"start":{"line":1,"column":34},"end":{"line":1,"column":35}},"loc":{"start":{"line":1,"column":42},"end":{"line":3,"column":1}},"line":1}},"branchMap":{},"s":{"0":8,"1":5},"f":{"0":5},"b":{},"_coverageSchema":"1a1c01bbd47fc00a2c39e90264f33305004495a9","hash":"32863bc31a01f614894caa93006c8d893de95b06"}
,"/Users/kevinosorio/workspace/prueba-3it/test3it/src/utils/indicatorsTransforms.js": {"path":"/Users/kevinosorio/workspace/prueba-3it/test3it/src/utils/indicatorsTransforms.js","statementMap":{"0":{"start":{"line":1,"column":23},"end":{"line":7,"column":1}},"1":{"start":{"line":2,"column":2},"end":{"line":6,"column":4}},"2":{"start":{"line":8,"column":34},"end":{"line":16,"column":1}},"3":{"start":{"line":9,"column":20},"end":{"line":9,"column":49}},"4":{"start":{"line":10,"column":2},"end":{"line":15,"column":9}},"5":{"start":{"line":11,"column":4},"end":{"line":13,"column":5}},"6":{"start":{"line":12,"column":6},"end":{"line":12,"column":17}},"7":{"start":{"line":14,"column":4},"end":{"line":14,"column":48}},"8":{"start":{"line":18,"column":24},"end":{"line":22,"column":1}},"9":{"start":{"line":19,"column":2},"end":{"line":21,"column":9}},"10":{"start":{"line":20,"column":4},"end":{"line":20,"column":55}},"11":{"start":{"line":24,"column":32},"end":{"line":34,"column":1}},"12":{"start":{"line":25,"column":2},"end":{"line":25,"column":42}},"13":{"start":{"line":26,"column":2},"end":{"line":33,"column":4}},"14":{"start":{"line":36,"column":21},"end":{"line":39,"column":1}}},"fnMap":{"0":{"name":"(anonymous_0)","decl":{"start":{"line":1,"column":23},"end":{"line":1,"column":24}},"loc":{"start":{"line":1,"column":36},"end":{"line":7,"column":1}},"line":1},"1":{"name":"(anonymous_1)","decl":{"start":{"line":8,"column":34},"end":{"line":8,"column":35}},"loc":{"start":{"line":8,"column":51},"end":{"line":16,"column":1}},"line":8},"2":{"name":"(anonymous_2)","decl":{"start":{"line":10,"column":43},"end":{"line":10,"column":44}},"loc":{"start":{"line":10,"column":56},"end":{"line":15,"column":3}},"line":10},"3":{"name":"(anonymous_3)","decl":{"start":{"line":18,"column":24},"end":{"line":18,"column":25}},"loc":{"start":{"line":18,"column":34},"end":{"line":22,"column":1}},"line":18},"4":{"name":"(anonymous_4)","decl":{"start":{"line":19,"column":23},"end":{"line":19,"column":24}},"loc":{"start":{"line":19,"column":36},"end":{"line":21,"column":3}},"line":19},"5":{"name":"(anonymous_5)","decl":{"start":{"line":24,"column":32},"end":{"line":24,"column":33}},"loc":{"start":{"line":24,"column":45},"end":{"line":34,"column":1}},"line":24}},"branchMap":{"0":{"loc":{"start":{"line":11,"column":4},"end":{"line":13,"column":5}},"type":"if","locations":[{"start":{"line":11,"column":4},"end":{"line":13,"column":5}},{"start":{},"end":{}}],"line":11}},"s":{"0":13,"1":17,"2":13,"3":8,"4":8,"5":35,"6":18,"7":17,"8":13,"9":9,"10":18,"11":13,"12":9,"13":9,"14":13},"f":{"0":17,"1":8,"2":35,"3":9,"4":18,"5":9},"b":{"0":[18,17]},"_coverageSchema":"1a1c01bbd47fc00a2c39e90264f33305004495a9","hash":"fa09c1f968342fa321d70c91efbd44297c824189"}
,"/Users/kevinosorio/workspace/prueba-3it/test3it/src/utils/hooks/useChart.js": {"path":"/Users/kevinosorio/workspace/prueba-3it/test3it/src/utils/hooks/useChart.js","statementMap":{"0":{"start":{"line":3,"column":27},"end":{"line":12,"column":1}},"1":{"start":{"line":8,"column":26},"end":{"line":8,"column":53}},"2":{"start":{"line":13,"column":17},"end":{"line":38,"column":1}},"3":{"start":{"line":14,"column":15},"end":{"line":22,"column":17}},"4":{"start":{"line":15,"column":4},"end":{"line":17,"column":5}},"5":{"start":{"line":16,"column":6},"end":{"line":16,"column":16}},"6":{"start":{"line":18,"column":4},"end":{"line":21,"column":17}},"7":{"start":{"line":20,"column":17},"end":{"line":20,"column":25}},"8":{"start":{"line":24,"column":17},"end":{"line":36,"column":17}},"9":{"start":{"line":25,"column":4},"end":{"line":27,"column":5}},"10":{"start":{"line":26,"column":6},"end":{"line":26,"column":16}},"11":{"start":{"line":28,"column":4},"end":{"line":35,"column":17}},"12":{"start":{"line":32,"column":10},"end":{"line":32,"column":71}},"13":{"start":{"line":37,"column":2},"end":{"line":37,"column":24}}},"fnMap":{"0":{"name":"(anonymous_0)","decl":{"start":{"line":8,"column":9},"end":{"line":8,"column":10}},"loc":{"start":{"line":8,"column":26},"end":{"line":8,"column":53}},"line":8},"1":{"name":"(anonymous_1)","decl":{"start":{"line":13,"column":17},"end":{"line":13,"column":18}},"loc":{"start":{"line":13,"column":30},"end":{"line":38,"column":1}},"line":13},"2":{"name":"(anonymous_2)","decl":{"start":{"line":14,"column":23},"end":{"line":14,"column":24}},"loc":{"start":{"line":14,"column":29},"end":{"line":22,"column":3}},"line":14},"3":{"name":"(anonymous_3)","decl":{"start":{"line":20,"column":11},"end":{"line":20,"column":12}},"loc":{"start":{"line":20,"column":17},"end":{"line":20,"column":25}},"line":20},"4":{"name":"(anonymous_4)","decl":{"start":{"line":24,"column":25},"end":{"line":24,"column":26}},"loc":{"start":{"line":24,"column":31},"end":{"line":36,"column":3}},"line":24},"5":{"name":"(anonymous_5)","decl":{"start":{"line":31,"column":8},"end":{"line":31,"column":9}},"loc":{"start":{"line":32,"column":10},"end":{"line":32,"column":71}},"line":32}},"branchMap":{"0":{"loc":{"start":{"line":8,"column":10},"end":{"line":8,"column":21}},"type":"default-arg","locations":[{"start":{"line":8,"column":20},"end":{"line":8,"column":21}}],"line":8},"1":{"loc":{"start":{"line":15,"column":4},"end":{"line":17,"column":5}},"type":"if","locations":[{"start":{"line":15,"column":4},"end":{"line":17,"column":5}},{"start":{},"end":{}}],"line":15},"2":{"loc":{"start":{"line":25,"column":4},"end":{"line":27,"column":5}},"type":"if","locations":[{"start":{"line":25,"column":4},"end":{"line":27,"column":5}},{"start":{},"end":{}}],"line":25},"3":{"loc":{"start":{"line":32,"column":10},"end":{"line":32,"column":71}},"type":"cond-expr","locations":[{"start":{"line":32,"column":28},"end":{"line":32,"column":65}},{"start":{"line":32,"column":68},"end":{"line":32,"column":71}}],"line":32}},"s":{"0":4,"1":36,"2":4,"3":2,"4":2,"5":1,"6":1,"7":2,"8":2,"9":2,"10":1,"11":1,"12":2,"13":2},"f":{"0":36,"1":2,"2":2,"3":2,"4":2,"5":2},"b":{"0":[0],"1":[1,1],"2":[1,1],"3":[1,1]},"_coverageSchema":"1a1c01bbd47fc00a2c39e90264f33305004495a9","hash":"0b56ce4f5d6163c511da18dc3cac45931f1e8ac7"}
,"/Users/kevinosorio/workspace/prueba-3it/test3it/src/utils/hooks/useHomeView.js": {"path":"/Users/kevinosorio/workspace/prueba-3it/test3it/src/utils/hooks/useHomeView.js","statementMap":{"0":{"start":{"line":4,"column":27},"end":{"line":26,"column":1}},"1":{"start":{"line":5,"column":38},"end":{"line":5,"column":52}},"2":{"start":{"line":7,"column":26},"end":{"line":10,"column":8}},"3":{"start":{"line":8,"column":17},"end":{"line":8,"column":54}},"4":{"start":{"line":9,"column":4},"end":{"line":9,"column":24}},"5":{"start":{"line":12,"column":26},"end":{"line":14,"column":8}},"6":{"start":{"line":13,"column":4},"end":{"line":13,"column":24}},"7":{"start":{"line":16,"column":2},"end":{"line":19,"column":41}},"8":{"start":{"line":17,"column":4},"end":{"line":17,"column":22}},"9":{"start":{"line":18,"column":4},"end":{"line":18,"column":35}},"10":{"start":{"line":18,"column":17},"end":{"line":18,"column":34}},"11":{"start":{"line":21,"column":2},"end":{"line":25,"column":4}}},"fnMap":{"0":{"name":"(anonymous_0)","decl":{"start":{"line":4,"column":27},"end":{"line":4,"column":28}},"loc":{"start":{"line":4,"column":33},"end":{"line":26,"column":1}},"line":4},"1":{"name":"(anonymous_1)","decl":{"start":{"line":7,"column":38},"end":{"line":7,"column":39}},"loc":{"start":{"line":7,"column":50},"end":{"line":10,"column":3}},"line":7},"2":{"name":"(anonymous_2)","decl":{"start":{"line":12,"column":38},"end":{"line":12,"column":39}},"loc":{"start":{"line":12,"column":44},"end":{"line":14,"column":3}},"line":12},"3":{"name":"(anonymous_3)","decl":{"start":{"line":16,"column":12},"end":{"line":16,"column":13}},"loc":{"start":{"line":16,"column":18},"end":{"line":19,"column":3}},"line":16},"4":{"name":"(anonymous_4)","decl":{"start":{"line":18,"column":11},"end":{"line":18,"column":12}},"loc":{"start":{"line":18,"column":17},"end":{"line":18,"column":34}},"line":18}},"branchMap":{},"s":{"0":4,"1":6,"2":6,"3":4,"4":2,"5":6,"6":4,"7":6,"8":3,"9":3,"10":3,"11":6},"f":{"0":6,"1":4,"2":4,"3":3,"4":3},"b":{},"_coverageSchema":"1a1c01bbd47fc00a2c39e90264f33305004495a9","hash":"bc8a6d4f436b938006cc3ebf0bf970aac792e712"}
,"/Users/kevinosorio/workspace/prueba-3it/test3it/src/utils/hooks/useIndicatorContainerNavigation.js": {"path":"/Users/kevinosorio/workspace/prueba-3it/test3it/src/utils/hooks/useIndicatorContainerNavigation.js","statementMap":{"0":{"start":{"line":3,"column":40},"end":{"line":19,"column":1}},"1":{"start":{"line":4,"column":21},"end":{"line":4,"column":36}},"2":{"start":{"line":5,"column":22},"end":{"line":10,"column":3}},"3":{"start":{"line":6,"column":4},"end":{"line":9,"column":7}},"4":{"start":{"line":11,"column":26},"end":{"line":16,"column":3}},"5":{"start":{"line":12,"column":4},"end":{"line":15,"column":7}},"6":{"start":{"line":18,"column":2},"end":{"line":18,"column":40}}},"fnMap":{"0":{"name":"(anonymous_0)","decl":{"start":{"line":3,"column":40},"end":{"line":3,"column":41}},"loc":{"start":{"line":3,"column":53},"end":{"line":19,"column":1}},"line":3},"1":{"name":"(anonymous_1)","decl":{"start":{"line":5,"column":22},"end":{"line":5,"column":23}},"loc":{"start":{"line":5,"column":28},"end":{"line":10,"column":3}},"line":5},"2":{"name":"(anonymous_2)","decl":{"start":{"line":11,"column":26},"end":{"line":11,"column":27}},"loc":{"start":{"line":11,"column":32},"end":{"line":16,"column":3}},"line":11}},"branchMap":{},"s":{"0":5,"1":20,"2":20,"3":0,"4":20,"5":0,"6":20},"f":{"0":20,"1":0,"2":0},"b":{},"_coverageSchema":"1a1c01bbd47fc00a2c39e90264f33305004495a9","hash":"b1784ae3c4efa5f89916e0937fc257c9987b0559"}
,"/Users/kevinosorio/workspace/prueba-3it/test3it/src/utils/hooks/useIndicatorView.js": {"path":"/Users/kevinosorio/workspace/prueba-3it/test3it/src/utils/hooks/useIndicatorView.js","statementMap":{"0":{"start":{"line":5,"column":25},"end":{"line":23,"column":1}},"1":{"start":{"line":6,"column":36},"end":{"line":6,"column":46}},"2":{"start":{"line":8,"column":31},"end":{"line":15,"column":25}},"3":{"start":{"line":9,"column":21},"end":{"line":11,"column":5}},"4":{"start":{"line":12,"column":4},"end":{"line":14,"column":5}},"5":{"start":{"line":13,"column":6},"end":{"line":13,"column":29}},"6":{"start":{"line":16,"column":2},"end":{"line":21,"column":4}},"7":{"start":{"line":18,"column":6},"end":{"line":18,"column":29}},"8":{"start":{"line":19,"column":6},"end":{"line":19,"column":38}},"9":{"start":{"line":19,"column":19},"end":{"line":19,"column":37}},"10":{"start":{"line":22,"column":2},"end":{"line":22,"column":43}}},"fnMap":{"0":{"name":"(anonymous_0)","decl":{"start":{"line":5,"column":25},"end":{"line":5,"column":26}},"loc":{"start":{"line":5,"column":34},"end":{"line":23,"column":1}},"line":5},"1":{"name":"(anonymous_1)","decl":{"start":{"line":8,"column":43},"end":{"line":8,"column":44}},"loc":{"start":{"line":8,"column":55},"end":{"line":15,"column":3}},"line":8},"2":{"name":"(anonymous_2)","decl":{"start":{"line":17,"column":16},"end":{"line":17,"column":17}},"loc":{"start":{"line":17,"column":22},"end":{"line":20,"column":5}},"line":17},"3":{"name":"(anonymous_3)","decl":{"start":{"line":19,"column":13},"end":{"line":19,"column":14}},"loc":{"start":{"line":19,"column":19},"end":{"line":19,"column":37}},"line":19}},"branchMap":{"0":{"loc":{"start":{"line":12,"column":4},"end":{"line":14,"column":5}},"type":"if","locations":[{"start":{"line":12,"column":4},"end":{"line":14,"column":5}},{"start":{},"end":{}}],"line":12}},"s":{"0":5,"1":4,"2":4,"3":3,"4":1,"5":1,"6":4,"7":2,"8":2,"9":2,"10":4},"f":{"0":4,"1":3,"2":2,"3":2},"b":{"0":[1,0]},"_coverageSchema":"1a1c01bbd47fc00a2c39e90264f33305004495a9","hash":"e9c68d4b00fda3688b0662e7e3138f48513e220c"}
,"/Users/kevinosorio/workspace/prueba-3it/test3it/src/utils/hooks/useViewHeader.js": {"path":"/Users/kevinosorio/workspace/prueba-3it/test3it/src/utils/hooks/useViewHeader.js","statementMap":{"0":{"start":{"line":4,"column":22},"end":{"line":16,"column":1}},"1":{"start":{"line":5,"column":21},"end":{"line":5,"column":36}},"2":{"start":{"line":6,"column":2},"end":{"line":15,"column":4}},"3":{"start":{"line":8,"column":6},"end":{"line":8,"column":75}},"4":{"start":{"line":9,"column":6},"end":{"line":9,"column":62}},"5":{"start":{"line":10,"column":6},"end":{"line":13,"column":8}},"6":{"start":{"line":11,"column":8},"end":{"line":11,"column":63}},"7":{"start":{"line":12,"column":8},"end":{"line":12,"column":52}}},"fnMap":{"0":{"name":"(anonymous_0)","decl":{"start":{"line":4,"column":22},"end":{"line":4,"column":23}},"loc":{"start":{"line":4,"column":31},"end":{"line":16,"column":1}},"line":4},"1":{"name":"(anonymous_1)","decl":{"start":{"line":7,"column":16},"end":{"line":7,"column":17}},"loc":{"start":{"line":7,"column":22},"end":{"line":14,"column":5}},"line":7},"2":{"name":"(anonymous_2)","decl":{"start":{"line":10,"column":13},"end":{"line":10,"column":14}},"loc":{"start":{"line":10,"column":19},"end":{"line":13,"column":7}},"line":10}},"branchMap":{},"s":{"0":4,"1":2,"2":2,"3":2,"4":2,"5":2,"6":2,"7":2},"f":{"0":2,"1":2,"2":2},"b":{},"_coverageSchema":"1a1c01bbd47fc00a2c39e90264f33305004495a9","hash":"d85fc9bd4ffedb1f9d4e2b0a3f2829e8a03f1c10"}
}
