TN:
SF:App.js
FN:13,(anonymous_0)
FNF:1
FNH:1
FNDA:1,(anonymous_0)
DA:13,1
DA:14,1
LF:2
LH:2
BRF:0
BRH:0
end_of_record
TN:
SF:src/API/Repository/Indicators.js
FN:9,(anonymous_0)
FN:12,(anonymous_1)
FN:15,(anonymous_2)
FN:21,(anonymous_3)
FN:24,(anonymous_4)
FN:25,(anonymous_5)
FNF:6
FNH:6
FNDA:6,(anonymous_0)
FNDA:3,(anonymous_1)
FNDA:1,(anonymous_2)
FNDA:5,(anonymous_3)
FNDA:2,(anonymous_4)
FNDA:1,(anonymous_5)
DA:7,8
DA:8,8
DA:9,8
DA:10,6
DA:13,3
DA:16,1
DA:17,1
DA:21,8
DA:22,5
DA:24,2
DA:26,1
DA:30,8
LF:12
LH:12
BRF:0
BRH:0
end_of_record
TN:
SF:src/API/Repository/Repository.js
FNF:0
FNH:0
DA:3,7
LF:1
LH:1
BRF:0
BRH:0
end_of_record
TN:
SF:src/Navigation/Drawer.js
FN:7,Drawer
FNF:1
FNH:1
FNDA:1,Drawer
DA:5,1
DA:8,1
LF:2
LH:2
BRF:0
BRH:0
end_of_record
TN:
SF:src/Navigation/HomeStack.js
FN:9,(anonymous_0)
FNF:1
FNH:1
FNDA:1,(anonymous_0)
DA:7,2
DA:9,2
DA:10,1
LF:3
LH:3
BRF:0
BRH:0
end_of_record
TN:
SF:src/Views/Home/Home.js
FN:6,(anonymous_0)
FNF:1
FNH:1
FNDA:3,(anonymous_0)
DA:6,3
DA:7,3
DA:8,3
LF:3
LH:3
BRF:0
BRH:0
end_of_record
TN:
SF:src/Views/IndicatorDetailsView/IndicatorDetailsView.js
FN:8,(anonymous_0)
FNF:1
FNH:1
FNDA:1,(anonymous_0)
DA:8,3
DA:9,1
DA:10,1
DA:12,1
LF:4
LH:4
BRDA:15,0,0,1
BRDA:15,0,1,0
BRF:2
BRH:1
end_of_record
TN:
SF:src/Views/IndicatorTimeLine/IndicatorTimeLine.js
FN:7,(anonymous_0)
FNF:1
FNH:1
FNDA:1,(anonymous_0)
DA:7,3
DA:8,1
DA:9,1
DA:10,1
LF:4
LH:4
BRDA:12,0,0,1
BRDA:12,0,1,1
BRF:2
BRH:2
end_of_record
TN:
SF:src/components/Indicator/Indicator.js
FN:6,(anonymous_0)
FNF:1
FNH:1
FNDA:6,(anonymous_0)
DA:6,6
DA:7,6
LF:2
LH:2
BRF:0
BRH:0
end_of_record
TN:
SF:src/components/Indicator/Indicator.styles.js
FNF:0
FNH:0
DA:4,6
LF:1
LH:1
BRF:0
BRH:0
end_of_record
TN:
SF:src/components/IndicatorDetails/IndicatorDetailLabel.js
FN:6,(anonymous_0)
FNF:1
FNH:1
FNDA:3,(anonymous_0)
DA:6,4
DA:7,3
LF:2
LH:2
BRF:0
BRH:0
end_of_record
TN:
SF:src/components/IndicatorDetails/IndicatorDetails.js
FN:8,(anonymous_0)
FNF:1
FNH:1
FNDA:3,(anonymous_0)
DA:8,4
DA:9,3
DA:10,2
DA:12,1
LF:4
LH:4
BRDA:9,0,0,2
BRDA:9,0,1,1
BRF:2
BRH:2
end_of_record
TN:
SF:src/components/IndicatorDetails/IndicatorDetails.style.js
FNF:0
FNH:0
DA:4,4
LF:1
LH:1
BRF:0
BRH:0
end_of_record
TN:
SF:src/components/IndicatorDetails/indicatorDetailsLabel.style.js
FNF:0
FNH:0
DA:3,4
LF:1
LH:1
BRF:0
BRH:0
end_of_record
TN:
SF:src/components/IndicatorList/IndicatorList.js
FN:5,(anonymous_0)
FN:11,(anonymous_1)
FNF:2
FNH:2
FNDA:4,(anonymous_0)
FNDA:19,(anonymous_1)
DA:5,4
DA:6,4
DA:12,19
LF:3
LH:3
BRDA:9,0,0,4
BRDA:9,0,1,2
BRDA:13,1,0,19
BRDA:13,1,1,16
BRF:4
BRH:4
end_of_record
TN:
SF:src/components/Skeleton/Skeleton.js
FN:10,(anonymous_0)
FN:13,(anonymous_1)
FNF:2
FNH:2
FNDA:17,(anonymous_0)
FNDA:17,(anonymous_1)
DA:6,7
DA:8,7
DA:10,7
DA:11,17
DA:13,17
DA:14,17
DA:24,17
DA:29,17
DA:49,7
LF:9
LH:9
BRF:0
BRH:0
end_of_record
TN:
SF:src/components/TimeLineItem/TimeLineItem.js
FN:7,(anonymous_0)
FNF:1
FNH:1
FNDA:3,(anonymous_0)
DA:7,5
DA:8,3
LF:2
LH:2
BRF:0
BRH:0
end_of_record
TN:
SF:src/components/TimeLineItem/timeLineItem.style.js
FNF:0
FNH:0
DA:4,5
LF:1
LH:1
BRF:0
BRH:0
end_of_record
TN:
SF:src/containers/IndicatorChart/IndicatorChart.js
FN:6,(anonymous_0)
FN:12,(anonymous_1)
FN:14,(anonymous_2)
FN:26,(anonymous_3)
FN:37,(anonymous_4)
FNF:5
FNH:5
FNDA:2,(anonymous_0)
FNDA:10,(anonymous_1)
FNDA:2,(anonymous_2)
FNDA:4,(anonymous_3)
FNDA:2,(anonymous_4)
DA:6,4
DA:7,2
DA:8,2
DA:10,2
DA:12,10
DA:15,2
DA:26,4
DA:36,4
DA:37,2
LF:9
LH:9
BRF:0
BRH:0
end_of_record
TN:
SF:src/containers/IndicatorContainer/IndicatorContainer.js
FN:6,(anonymous_0)
FNF:1
FNH:1
FNDA:20,(anonymous_0)
DA:6,5
DA:8,20
DA:10,20
DA:11,15
DA:14,5
LF:5
LH:5
BRDA:10,0,0,15
BRDA:10,0,1,5
BRF:2
BRH:2
end_of_record
TN:
SF:src/containers/TimeLine/TimeLine.js
FN:5,(anonymous_0)
FN:10,(anonymous_1)
FNF:2
FNH:2
FNDA:2,(anonymous_0)
FNDA:2,(anonymous_1)
DA:5,4
DA:6,2
DA:11,2
LF:3
LH:3
BRF:0
BRH:0
end_of_record
TN:
SF:src/utils/dateTransform.js
FN:1,(anonymous_0)
FNF:1
FNH:1
FNDA:5,(anonymous_0)
DA:1,8
DA:2,5
LF:2
LH:2
BRF:0
BRH:0
end_of_record
TN:
SF:src/utils/indicatorsTransforms.js
FN:1,(anonymous_0)
FN:8,(anonymous_1)
FN:10,(anonymous_2)
FN:18,(anonymous_3)
FN:19,(anonymous_4)
FN:24,(anonymous_5)
FNF:6
FNH:6
FNDA:17,(anonymous_0)
FNDA:8,(anonymous_1)
FNDA:35,(anonymous_2)
FNDA:9,(anonymous_3)
FNDA:18,(anonymous_4)
FNDA:9,(anonymous_5)
DA:1,13
DA:2,17
DA:8,13
DA:9,8
DA:10,8
DA:11,35
DA:12,18
DA:14,17
DA:18,13
DA:19,9
DA:20,18
DA:24,13
DA:25,9
DA:26,9
DA:36,13
LF:15
LH:15
BRDA:11,0,0,18
BRDA:11,0,1,17
BRF:2
BRH:2
end_of_record
TN:
SF:src/utils/hooks/useChart.js
FN:8,(anonymous_0)
FN:13,(anonymous_1)
FN:14,(anonymous_2)
FN:20,(anonymous_3)
FN:24,(anonymous_4)
FN:31,(anonymous_5)
FNF:6
FNH:6
FNDA:36,(anonymous_0)
FNDA:2,(anonymous_1)
FNDA:2,(anonymous_2)
FNDA:2,(anonymous_3)
FNDA:2,(anonymous_4)
FNDA:2,(anonymous_5)
DA:3,4
DA:8,36
DA:13,4
DA:14,2
DA:15,2
DA:16,1
DA:18,1
DA:20,2
DA:24,2
DA:25,2
DA:26,1
DA:28,1
DA:32,2
DA:37,2
LF:14
LH:14
BRDA:8,0,0,0
BRDA:15,1,0,1
BRDA:15,1,1,1
BRDA:25,2,0,1
BRDA:25,2,1,1
BRDA:32,3,0,1
BRDA:32,3,1,1
BRF:7
BRH:6
end_of_record
TN:
SF:src/utils/hooks/useHomeView.js
FN:4,(anonymous_0)
FN:7,(anonymous_1)
FN:12,(anonymous_2)
FN:16,(anonymous_3)
FN:18,(anonymous_4)
FNF:5
FNH:5
FNDA:6,(anonymous_0)
FNDA:4,(anonymous_1)
FNDA:4,(anonymous_2)
FNDA:3,(anonymous_3)
FNDA:3,(anonymous_4)
DA:4,4
DA:5,6
DA:7,6
DA:8,4
DA:9,2
DA:12,6
DA:13,4
DA:16,6
DA:17,3
DA:18,3
DA:21,6
LF:11
LH:11
BRF:0
BRH:0
end_of_record
TN:
SF:src/utils/hooks/useIndicatorContainerNavigation.js
FN:3,(anonymous_0)
FN:5,(anonymous_1)
FN:11,(anonymous_2)
FNF:3
FNH:1
FNDA:20,(anonymous_0)
FNDA:0,(anonymous_1)
FNDA:0,(anonymous_2)
DA:3,5
DA:4,20
DA:5,20
DA:6,0
DA:11,20
DA:12,0
DA:18,20
LF:7
LH:5
BRF:0
BRH:0
end_of_record
TN:
SF:src/utils/hooks/useIndicatorView.js
FN:5,(anonymous_0)
FN:8,(anonymous_1)
FN:17,(anonymous_2)
FN:19,(anonymous_3)
FNF:4
FNH:4
FNDA:4,(anonymous_0)
FNDA:3,(anonymous_1)
FNDA:2,(anonymous_2)
FNDA:2,(anonymous_3)
DA:5,5
DA:6,4
DA:8,4
DA:9,3
DA:12,1
DA:13,1
DA:16,4
DA:18,2
DA:19,2
DA:22,4
LF:10
LH:10
BRDA:12,0,0,1
BRDA:12,0,1,0
BRF:2
BRH:1
end_of_record
TN:
SF:src/utils/hooks/useViewHeader.js
FN:4,(anonymous_0)
FN:7,(anonymous_1)
FN:10,(anonymous_2)
FNF:3
FNH:3
FNDA:2,(anonymous_0)
FNDA:2,(anonymous_1)
FNDA:2,(anonymous_2)
DA:4,4
DA:5,2
DA:6,2
DA:8,2
DA:9,2
DA:10,2
DA:11,2
DA:12,2
LF:8
LH:8
BRF:0
BRH:0
end_of_record
